<?xml version="1.0" encoding="UTF-8"?>
<!-- Generated by org.testng.reporters.JUnitXMLReporter -->
<testsuite ignored="0" hostname="Johans-MacBook-Pro-2.local" failures="0" tests="7" name="Default test" time="0.694" errors="0" timestamp="2021-02-10T18:34:26 MST">
  <testcase classname="com.datadriven.framework.utils.TestDataProvider" name="sampleTestOne" time="0.007"/>
  <testcase classname="com.datadriven.framework.utils.TestDataProvider" name="sampleTestOne" time="0.001"/>
  <testcase classname="com.datadriven.framework.utils.TestDataProvider" name="sampleTestOne" time="0.001"/>
  <testcase classname="com.datadriven.framework.utils.TestDataProvider" name="sampleTestOne" time="0.001"/>
  <testcase classname="com.datadriven.framework.utils.TestDataProvider" name="sampleTestOne" time="0.002"/>
  <testcase classname="com.datadriven.framework.utils.TestDataProvider" name="sampleTestOne" time="0.001"/>
  <testcase classname="com.datadriven.framework.utils.TestDataProvider" name="sampleTestOne" time="0.001"/>
</testsuite> <!-- Default test -->
