<?xml version="1.0" encoding="UTF-8"?>
<testng-results ignored="0" total="1" passed="1" failed="0" skipped="0">
  <reporter-output>
  </reporter-output>
  <suite started-at="2021-02-09T23:59:46 MST" name="Default suite" finished-at="2021-02-09T23:59:53 MST" duration-ms="6948">
    <groups>
    </groups>
    <test started-at="2021-02-09T23:59:46 MST" name="Default test" finished-at="2021-02-09T23:59:53 MST" duration-ms="6948">
      <class name="com.datadriven.framework.test.LoginTest.LoginTest">
        <test-method signature="testOne()[pri:0, instance:com.datadriven.framework.test.LoginTest.LoginTest@5b799640]" started-at="2021-02-09T23:59:46 MST" name="testOne" finished-at="2021-02-09T23:59:53 MST" duration-ms="6582" status="PASS">
          <reporter-output>
          </reporter-output>
        </test-method> <!-- testOne -->
        <test-method is-config="true" signature="endReport()[pri:0, instance:com.datadriven.framework.test.LoginTest.LoginTest@5b799640]" started-at="2021-02-09T23:59:53 MST" name="endReport" finished-at="2021-02-09T23:59:53 MST" duration-ms="336" status="PASS">
          <reporter-output>
          </reporter-output>
        </test-method> <!-- endReport -->
      </class> <!-- com.datadriven.framework.test.LoginTest.LoginTest -->
    </test> <!-- Default test -->
  </suite> <!-- Default suite -->
</testng-results>
